Found node #0: value =  1; map [[ 0, 0 ], [ 0, 0 ]]
	=> next best move: #1
Found node #1: value =  1; map [[ 1, 0 ], [ 0, 0 ]]
	=> next best move: #2
Found node #2: value =  1; map [[ 1, 2 ], [ 0, 0 ]]
	=> next best move: #3
Found endpoint #3: value =  1; map [[ 1, 2 ], [ 1, 0 ]]
Found endpoint #4: value =  1; map [[ 1, 2 ], [ 0, 1 ]]
Found node #5: value =  1; map [[ 1, 0 ], [ 2, 0 ]]
	=> next best move: #6
Found endpoint #6: value =  1; map [[ 1, 1 ], [ 2, 0 ]]
Found endpoint #7: value =  1; map [[ 1, 0 ], [ 2, 1 ]]
Found node #8: value =  1; map [[ 1, 0 ], [ 0, 2 ]]
	=> next best move: #9
Found endpoint #9: value =  1; map [[ 1, 1 ], [ 0, 2 ]]
Found endpoint #10: value =  1; map [[ 1, 0 ], [ 1, 2 ]]
Found node #11: value =  1; map [[ 0, 1 ], [ 0, 0 ]]
	=> next best move: #12
Found node #12: value =  1; map [[ 2, 1 ], [ 0, 0 ]]
	=> next best move: #13
Found endpoint #13: value =  1; map [[ 2, 1 ], [ 1, 0 ]]
Found endpoint #14: value =  1; map [[ 2, 1 ], [ 0, 1 ]]
Found node #15: value =  1; map [[ 0, 1 ], [ 2, 0 ]]
	=> next best move: #16
Found endpoint #16: value =  1; map [[ 1, 1 ], [ 2, 0 ]]
Found endpoint #17: value =  1; map [[ 0, 1 ], [ 2, 1 ]]
Found node #18: value =  1; map [[ 0, 1 ], [ 0, 2 ]]
	=> next best move: #19
Found endpoint #19: value =  1; map [[ 1, 1 ], [ 0, 2 ]]
Found endpoint #20: value =  1; map [[ 0, 1 ], [ 1, 2 ]]
Found node #21: value =  1; map [[ 0, 0 ], [ 1, 0 ]]
	=> next best move: #22
Found node #22: value =  1; map [[ 2, 0 ], [ 1, 0 ]]
	=> next best move: #23
Found endpoint #23: value =  1; map [[ 2, 1 ], [ 1, 0 ]]
Found endpoint #24: value =  1; map [[ 2, 0 ], [ 1, 1 ]]
Found node #25: value =  1; map [[ 0, 2 ], [ 1, 0 ]]
	=> next best move: #26
Found endpoint #26: value =  1; map [[ 1, 2 ], [ 1, 0 ]]
Found endpoint #27: value =  1; map [[ 0, 2 ], [ 1, 1 ]]
Found node #28: value =  1; map [[ 0, 0 ], [ 1, 2 ]]
	=> next best move: #29
Found endpoint #29: value =  1; map [[ 1, 0 ], [ 1, 2 ]]
Found endpoint #30: value =  1; map [[ 0, 1 ], [ 1, 2 ]]
Found node #31: value =  1; map [[ 0, 0 ], [ 0, 1 ]]
	=> next best move: #32
Found node #32: value =  1; map [[ 2, 0 ], [ 0, 1 ]]
	=> next best move: #33
Found endpoint #33: value =  1; map [[ 2, 1 ], [ 0, 1 ]]
Found endpoint #34: value =  1; map [[ 2, 0 ], [ 1, 1 ]]
Found node #35: value =  1; map [[ 0, 2 ], [ 0, 1 ]]
	=> next best move: #36
Found endpoint #36: value =  1; map [[ 1, 2 ], [ 0, 1 ]]
Found endpoint #37: value =  1; map [[ 0, 2 ], [ 1, 1 ]]
Found node #38: value =  1; map [[ 0, 0 ], [ 2, 1 ]]
	=> next best move: #39
Found endpoint #39: value =  1; map [[ 1, 0 ], [ 2, 1 ]]
Found endpoint #40: value =  1; map [[ 0, 1 ], [ 2, 1 ]]
Total endpoint: 24
Total nodes: 41

Timer section :

[Timer] Intialization: 0.000432198s
[Timer] Node Generation: 0.001403262s
[Timer] Finding end nodes: 0.000183309s
[Timer] Victory search: 0.000054519s
[Timer] Mini-Maxi application: 0.000480001s
[Timer] Output to file: 0.03455887s
[Timer] Writing: 0.023737717s

[Timer] Overall timing: 0.061208986s
