Found node #0: value =  1; map [[ 0, 0, 0 ], [ 0, 0, 0 ], [ 0, 0, 0 ]]
	=> next best move: #1
Found endpoint #1: value =  1; map [[ 1, 0, 0 ], [ 0, 0, 0 ], [ 0, 0, 0 ]]
Found endpoint #2: value =  1; map [[ 0, 1, 0 ], [ 0, 0, 0 ], [ 0, 0, 0 ]]
Found endpoint #3: value =  1; map [[ 0, 0, 1 ], [ 0, 0, 0 ], [ 0, 0, 0 ]]
Found endpoint #4: value =  1; map [[ 0, 0, 0 ], [ 1, 0, 0 ], [ 0, 0, 0 ]]
Found endpoint #5: value =  1; map [[ 0, 0, 0 ], [ 0, 1, 0 ], [ 0, 0, 0 ]]
Found endpoint #6: value =  1; map [[ 0, 0, 0 ], [ 0, 0, 1 ], [ 0, 0, 0 ]]
Found endpoint #7: value =  1; map [[ 0, 0, 0 ], [ 0, 0, 0 ], [ 1, 0, 0 ]]
Found endpoint #8: value =  1; map [[ 0, 0, 0 ], [ 0, 0, 0 ], [ 0, 1, 0 ]]
Found endpoint #9: value =  1; map [[ 0, 0, 0 ], [ 0, 0, 0 ], [ 0, 0, 1 ]]
Total endpoint: 9
Total nodes: 10

Timer section :

[Timer] Intialization: 0.000365433s
[Timer] Node Generation: 0.000905483s
[Timer] Finding end nodes: 0.000166321s
[Timer] Victory search: 0.00002884s
[Timer] Mini-Maxi application: 0.000544001s
[Timer] Output to file: 0.027684785s
[Timer] Writing: 0.019017117s

[Timer] Overall timing: 0.048996028s
